<?xml version="1.0" encoding="UTF-8"?>
<testng-results ignored="0" total="2" passed="2" failed="0" skipped="0">
  <reporter-output>
  </reporter-output>
  <suite started-at="2024-07-02T15:07:07 CDT" name="Default suite" finished-at="2024-07-02T15:07:07 CDT" duration-ms="62">
    <groups>
    </groups>
    <test started-at="2024-07-02T15:07:07 CDT" name="Default test" finished-at="2024-07-02T15:07:07 CDT" duration-ms="62">
      <class name="TestNG.TestNG1">
        <test-method signature="logging()[pri:0, instance:TestNG.TestNG1@66f57048]" started-at="2024-07-02T15:07:07 CDT" name="logging" finished-at="2024-07-02T15:07:07 CDT" duration-ms="13" status="PASS">
          <reporter-output>
          </reporter-output>
        </test-method> <!-- logging -->
        <test-method signature="test()[pri:0, instance:TestNG.TestNG1@66f57048]" started-at="2024-07-02T15:07:07 CDT" name="test" finished-at="2024-07-02T15:07:07 CDT" duration-ms="2" status="PASS">
          <reporter-output>
          </reporter-output>
        </test-method> <!-- test -->
      </class> <!-- TestNG.TestNG1 -->
    </test> <!-- Default test -->
  </suite> <!-- Default suite -->
</testng-results>
